<?xml version="1.0" encoding="UTF-8"?>
<!-- Generated by org.testng.reporters.JUnitReportReporter -->
<testsuite hostname="DESKTOP-EA5FGKH" name="apachePOI.DataReader" tests="1" failures="0" timestamp="23 Oct 2019 14:48:50 GMT" time="0.928" errors="0">
  <testcase name="ReadTestData" time="0.928" classname="apachePOI.DataReader"/>
</testsuite> <!-- apachePOI.DataReader -->
