<?xml version="1.0" encoding="UTF-8"?>
<!-- Generated by org.testng.reporters.JUnitReportReporter -->
<testsuite hostname="DESKTOP-EA5FGKH" name="ExceldataReader.ExcelDataRed" tests="1" failures="0" timestamp="23 Oct 2019 17:50:47 GMT" time="0.816" errors="0">
  <testcase name="RedDataExl" time="0.816" classname="ExceldataReader.ExcelDataRed"/>
</testsuite> <!-- ExceldataReader.ExcelDataRed -->
