<?xml version="1.0" encoding="UTF-8"?>
<!-- Generated by org.testng.reporters.JUnitReportReporter -->
<testsuite hostname="DESKTOP-EA5FGKH" name="apachePOI.DataReader2" tests="1" failures="0" timestamp="23 Oct 2019 17:15:00 GMT" time="0.868" errors="0">
  <testcase name="ReadTestData" time="0.868" classname="apachePOI.DataReader2"/>
</testsuite> <!-- apachePOI.DataReader2 -->
