<?xml version="1.0" encoding="UTF-8"?>
<!-- Generated by org.testng.reporters.JUnitReportReporter -->
<testsuite hostname="DESKTOP-EA5FGKH" name="ExceldataReader.DataReader" tests="1" failures="0" timestamp="24 Oct 2019 05:57:59 GMT" time="0.959" errors="0">
  <testcase name="ReadTestData" time="0.959" classname="ExceldataReader.DataReader"/>
</testsuite> <!-- ExceldataReader.DataReader -->
